<?xml version="1.0" encoding="UTF-8" ?>
<testsuite tests="80" failures="0" name="testRunner.DashboardTest" time="1.546" errors="4" skipped="22">
  <properties>
    <property name="java.runtime.name" value="OpenJDK Runtime Environment"/>
    <property name="java.vm.version" value="11.0.18+10-post-Debian-1deb11u1"/>
    <property name="sun.boot.library.path" value="/usr/lib/jvm/java-11-openjdk-amd64/lib"/>
    <property name="maven.multiModuleProjectDirectory" value="/home/coder/project/workspace/cucumberapp"/>
    <property name="java.vm.vendor" value="Debian"/>
    <property name="java.vendor.url" value="https://tracker.debian.org/openjdk-11"/>
    <property name="guice.disable.misplaced.annotation.check" value="true"/>
    <property name="path.separator" value=":"/>
    <property name="java.vm.name" value="OpenJDK 64-Bit Server VM"/>
    <property name="sun.os.patch.level" value="unknown"/>
    <property name="user.country" value="US"/>
    <property name="sun.java.launcher" value="SUN_STANDARD"/>
    <property name="java.vm.specification.name" value="Java Virtual Machine Specification"/>
    <property name="user.dir" value="/home/coder/project/workspace/cucumberapp"/>
    <property name="java.vm.compressedOopsMode" value="32-bit"/>
    <property name="java.runtime.version" value="11.0.18+10-post-Debian-1deb11u1"/>
    <property name="java.awt.graphicsenv" value="sun.awt.X11GraphicsEnvironment"/>
    <property name="os.arch" value="amd64"/>
    <property name="java.io.tmpdir" value="/tmp"/>
    <property name="line.separator" value="
"/>
    <property name="java.vm.specification.vendor" value="Oracle Corporation"/>
    <property name="os.name" value="Linux"/>
    <property name="classworlds.conf" value="/usr/share/maven/bin/m2.conf"/>
    <property name="sun.jnu.encoding" value="UTF-8"/>
    <property name="java.library.path" value="/usr/java/packages/lib:/usr/lib/x86_64-linux-gnu/jni:/lib/x86_64-linux-gnu:/usr/lib/x86_64-linux-gnu:/usr/lib/jni:/lib:/usr/lib"/>
    <property name="maven.conf" value="/usr/share/maven/conf"/>
    <property name="jdk.debug" value="release"/>
    <property name="java.class.version" value="55.0"/>
    <property name="java.specification.name" value="Java Platform API Specification"/>
    <property name="sun.management.compiler" value="HotSpot 64-Bit Tiered Compilers"/>
    <property name="os.version" value="5.10.162+"/>
    <property name="library.jansi.path" value="/usr/share/maven/lib/jansi-native"/>
    <property name="user.home" value="/home/coder"/>
    <property name="user.timezone" value="Etc/UTC"/>
    <property name="java.awt.printerjob" value="sun.print.PSPrinterJob"/>
    <property name="file.encoding" value="UTF-8"/>
    <property name="java.specification.version" value="11"/>
    <property name="user.name" value="coder"/>
    <property name="java.class.path" value="/usr/share/maven/boot/plexus-classworlds-2.x.jar"/>
    <property name="java.vm.specification.version" value="11"/>
    <property name="sun.arch.data.model" value="64"/>
    <property name="sun.java.command" value="org.codehaus.plexus.classworlds.launcher.Launcher clean test"/>
    <property name="java.home" value="/usr/lib/jvm/java-11-openjdk-amd64"/>
    <property name="user.language" value="en"/>
    <property name="java.specification.vendor" value="Oracle Corporation"/>
    <property name="awt.toolkit" value="sun.awt.X11.XToolkit"/>
    <property name="java.vm.info" value="mixed mode, sharing"/>
    <property name="java.version" value="11.0.18"/>
    <property name="java.vendor" value="Debian"/>
    <property name="maven.home" value="/usr/share/maven"/>
    <property name="file.separator" value="/"/>
    <property name="java.version.date" value="2023-01-17"/>
    <property name="java.vendor.url.bug" value="https://bugs.debian.org/openjdk-11"/>
    <property name="sun.io.unicode.encoding" value="UnicodeLittle"/>
    <property name="sun.cpu.endian" value="little"/>
    <property name="sun.cpu.isalist" value=""/>
  </properties>
  <testcase classname="Scenario: Verify Reg Users Page in Dashboard" name="Given admin launch the browser" time="0"/>
  <testcase classname="Scenario: Verify Reg Users Page in Dashboard" name="When admin opens url &quot;https://carrental.neohire.io/admin/&quot;" time="0"/>
  <testcase classname="Scenario: Verify Reg Users Page in Dashboard" name="Then admin should able to see the admin signin page" time="0"/>
  <testcase classname="Scenario: Verify Reg Users Page in Dashboard" name="When admin enters username as &quot;admin&quot;  and password as &quot;Test@12345&quot;" time="0"/>
  <testcase classname="Scenario: Verify Reg Users Page in Dashboard" name="And click on login" time="0"/>
  <testcase classname="Scenario: Verify Reg Users Page in Dashboard" name="Then admin should able to view car rental portal | admin panel" time="0"/>
  <testcase classname="Scenario: Verify Reg Users Page in Dashboard" name="When admin click on Dashboard" time="0.014">
    <error message="no such element: Unable to locate element: {&quot;method&quot;:&quot;xpath&quot;,&quot;selector&quot;:&quot;/html/body/div[2]/nav/ul/li[2]/a&quot;}
  (Session info: chrome=113.0.5672.63)
For documentation on this error, please visit: https://selenium.dev/exceptions/#no_such_element
Build info: version: &apos;4.9.1&apos;, revision: &apos;eb2032df7f&apos;
System info: os.name: &apos;Linux&apos;, os.arch: &apos;amd64&apos;, os.version: &apos;5.10.162+&apos;, java.version: &apos;11.0.18&apos;
Driver info: org.openqa.selenium.remote.RemoteWebDriver
Command: [0d58e8485086e16b90f18de1e1e5b1ad, findElement {using=xpath, value=/html/body/div[2]/nav/ul/li[2]/a}]
Capabilities {acceptInsecureCerts: false, browserName: chrome, browserVersion: 113.0.5672.63, chrome: {chromedriverVersion: 113.0.5672.63 (0e1a4471d5ae..., userDataDir: /tmp/.com.google.Chrome.6GOGBD}, goog:chromeOptions: {debuggerAddress: localhost:45613}, networkConnectionEnabled: false, pageLoadStrategy: normal, platformName: linux, proxy: Proxy(), se:bidiEnabled: false, se:cdp: ws://172.17.0.2:4444/sessio..., se:cdpVersion: 113.0.5672.63, se:vnc: ws://172.17.0.2:4444/sessio..., se:vncEnabled: true, se:vncLocalAddress: ws://172.17.0.2:7900, setWindowRect: true, strictFileInteractability: false, timeouts: {implicit: 0, pageLoad: 300000, script: 30000}, unhandledPromptBehavior: dismiss and notify, webauthn:extension:credBlob: true, webauthn:extension:largeBlob: true, webauthn:extension:minPinLength: true, webauthn:extension:prf: true, webauthn:virtualAuthenticators: true}
Session ID: 0d58e8485086e16b90f18de1e1e5b1ad" type="org.openqa.selenium.NoSuchElementException">org.openqa.selenium.NoSuchElementException: no such element: Unable to locate element: {&quot;method&quot;:&quot;xpath&quot;,&quot;selector&quot;:&quot;/html/body/div[2]/nav/ul/li[2]/a&quot;}
  (Session info: chrome=113.0.5672.63)
For documentation on this error, please visit: https://selenium.dev/exceptions/#no_such_element
Build info: version: &apos;4.9.1&apos;, revision: &apos;eb2032df7f&apos;
System info: os.name: &apos;Linux&apos;, os.arch: &apos;amd64&apos;, os.version: &apos;5.10.162+&apos;, java.version: &apos;11.0.18&apos;
Driver info: org.openqa.selenium.remote.RemoteWebDriver
Command: [0d58e8485086e16b90f18de1e1e5b1ad, findElement {using=xpath, value=/html/body/div[2]/nav/ul/li[2]/a}]
Capabilities {acceptInsecureCerts: false, browserName: chrome, browserVersion: 113.0.5672.63, chrome: {chromedriverVersion: 113.0.5672.63 (0e1a4471d5ae..., userDataDir: /tmp/.com.google.Chrome.6GOGBD}, goog:chromeOptions: {debuggerAddress: localhost:45613}, networkConnectionEnabled: false, pageLoadStrategy: normal, platformName: linux, proxy: Proxy(), se:bidiEnabled: false, se:cdp: ws://172.17.0.2:4444/sessio..., se:cdpVersion: 113.0.5672.63, se:vnc: ws://172.17.0.2:4444/sessio..., se:vncEnabled: true, se:vncLocalAddress: ws://172.17.0.2:7900, setWindowRect: true, strictFileInteractability: false, timeouts: {implicit: 0, pageLoad: 300000, script: 30000}, unhandledPromptBehavior: dismiss and notify, webauthn:extension:credBlob: true, webauthn:extension:largeBlob: true, webauthn:extension:minPinLength: true, webauthn:extension:prf: true, webauthn:virtualAuthenticators: true}
Session ID: 0d58e8485086e16b90f18de1e1e5b1ad
	at java.base/jdk.internal.reflect.NativeConstructorAccessorImpl.newInstance0(Native Method)
	at java.base/jdk.internal.reflect.NativeConstructorAccessorImpl.newInstance(NativeConstructorAccessorImpl.java:62)
	at java.base/jdk.internal.reflect.DelegatingConstructorAccessorImpl.newInstance(DelegatingConstructorAccessorImpl.java:45)
	at java.base/java.lang.reflect.Constructor.newInstance(Constructor.java:490)
	at org.openqa.selenium.remote.codec.w3c.W3CHttpResponseCodec.createException(W3CHttpResponseCodec.java:200)
	at org.openqa.selenium.remote.codec.w3c.W3CHttpResponseCodec.decode(W3CHttpResponseCodec.java:133)
	at org.openqa.selenium.remote.codec.w3c.W3CHttpResponseCodec.decode(W3CHttpResponseCodec.java:53)
	at org.openqa.selenium.remote.HttpCommandExecutor.execute(HttpCommandExecutor.java:193)
	at org.openqa.selenium.remote.TracedCommandExecutor.execute(TracedCommandExecutor.java:51)
	at org.openqa.selenium.remote.RemoteWebDriver.execute(RemoteWebDriver.java:543)
	at org.openqa.selenium.remote.ElementLocation$ElementFinder$2.findElement(ElementLocation.java:162)
	at org.openqa.selenium.remote.ElementLocation.findElement(ElementLocation.java:60)
	at org.openqa.selenium.remote.RemoteWebDriver.findElement(RemoteWebDriver.java:352)
	at org.openqa.selenium.remote.RemoteWebDriver.findElement(RemoteWebDriver.java:344)
	at org.openqa.selenium.support.pagefactory.DefaultElementLocator.findElement(DefaultElementLocator.java:70)
	at org.openqa.selenium.support.pagefactory.internal.LocatingElementHandler.invoke(LocatingElementHandler.java:39)
	at com.sun.proxy.$Proxy22.click(Unknown Source)
	at pageObject.DashBoardPage.dashboardButton(DashBoardPage.java:57)
	at stepDefinition.Stepdefinition.admin_click_on_Dashboard(Stepdefinition.java:85)
	at ✽.When admin click on Dashboard(src/test/resources/Features/AdminDashboard.feature:12)
</error>
    <system-out>
  Background:                                                           &amp;#27;[90m# src/test/resources/Features/AdminDashboard.feature:3&amp;#27;[0m
    &amp;#27;[32mGiven &amp;#27;[0m&amp;#27;[32madmin launch the browser&amp;#27;[0m                                      &amp;#27;[90m# Stepdefinition.admin_launch_the_browser()&amp;#27;[0m
    &amp;#27;[32mWhen &amp;#27;[0m&amp;#27;[32madmin opens url &quot;&amp;#27;[0m&amp;#27;[32m&amp;#27;[1mhttps://carrental.neohire.io/admin/&amp;#27;[0m&amp;#27;[32m&quot;&amp;#27;[0m          &amp;#27;[90m# Stepdefinition.admin_opens_url(String)&amp;#27;[0m
    &amp;#27;[32mThen &amp;#27;[0m&amp;#27;[32madmin should able to see the admin signin page&amp;#27;[0m                 &amp;#27;[90m# Stepdefinition.admin_should_able_to_see_the_admin_signin_page()&amp;#27;[0m
    &amp;#27;[32mWhen &amp;#27;[0m&amp;#27;[32madmin enters username as &quot;&amp;#27;[0m&amp;#27;[32m&amp;#27;[1madmin&amp;#27;[0m&amp;#27;[32m&quot;  and password as &quot;&amp;#27;[0m&amp;#27;[32m&amp;#27;[1mTest@12345&amp;#27;[0m&amp;#27;[32m&quot;&amp;#27;[0m &amp;#27;[90m# Stepdefinition.admin_enters_username_as_and_password_as(String,String)&amp;#27;[0m
    &amp;#27;[32mAnd &amp;#27;[0m&amp;#27;[32mclick on login&amp;#27;[0m                                                  &amp;#27;[90m# Stepdefinition.click_on_login()&amp;#27;[0m
    &amp;#27;[32mThen &amp;#27;[0m&amp;#27;[32madmin should able to view car rental portal | admin panel&amp;#27;[0m      &amp;#27;[90m# Stepdefinition.admin_should_able_to_view_car_rental_portal_admin_panel()&amp;#27;[0m
</system-out>
  </testcase>
  <testcase classname="Scenario: Verify Reg Users Page in Dashboard" name="Scenario: Verify Reg Users Page in Dashboard" time="0.021">
    <error message="no such element: Unable to locate element: {&quot;method&quot;:&quot;xpath&quot;,&quot;selector&quot;:&quot;/html/body/div[2]/nav/ul/li[2]/a&quot;}
  (Session info: chrome=113.0.5672.63)
For documentation on this error, please visit: https://selenium.dev/exceptions/#no_such_element
Build info: version: &apos;4.9.1&apos;, revision: &apos;eb2032df7f&apos;
System info: os.name: &apos;Linux&apos;, os.arch: &apos;amd64&apos;, os.version: &apos;5.10.162+&apos;, java.version: &apos;11.0.18&apos;
Driver info: org.openqa.selenium.remote.RemoteWebDriver
Command: [0d58e8485086e16b90f18de1e1e5b1ad, findElement {using=xpath, value=/html/body/div[2]/nav/ul/li[2]/a}]
Capabilities {acceptInsecureCerts: false, browserName: chrome, browserVersion: 113.0.5672.63, chrome: {chromedriverVersion: 113.0.5672.63 (0e1a4471d5ae..., userDataDir: /tmp/.com.google.Chrome.6GOGBD}, goog:chromeOptions: {debuggerAddress: localhost:45613}, networkConnectionEnabled: false, pageLoadStrategy: normal, platformName: linux, proxy: Proxy(), se:bidiEnabled: false, se:cdp: ws://172.17.0.2:4444/sessio..., se:cdpVersion: 113.0.5672.63, se:vnc: ws://172.17.0.2:4444/sessio..., se:vncEnabled: true, se:vncLocalAddress: ws://172.17.0.2:7900, setWindowRect: true, strictFileInteractability: false, timeouts: {implicit: 0, pageLoad: 300000, script: 30000}, unhandledPromptBehavior: dismiss and notify, webauthn:extension:credBlob: true, webauthn:extension:largeBlob: true, webauthn:extension:minPinLength: true, webauthn:extension:prf: true, webauthn:virtualAuthenticators: true}
Session ID: 0d58e8485086e16b90f18de1e1e5b1ad" type="org.openqa.selenium.NoSuchElementException">org.openqa.selenium.NoSuchElementException: no such element: Unable to locate element: {&quot;method&quot;:&quot;xpath&quot;,&quot;selector&quot;:&quot;/html/body/div[2]/nav/ul/li[2]/a&quot;}
  (Session info: chrome=113.0.5672.63)
For documentation on this error, please visit: https://selenium.dev/exceptions/#no_such_element
Build info: version: &apos;4.9.1&apos;, revision: &apos;eb2032df7f&apos;
System info: os.name: &apos;Linux&apos;, os.arch: &apos;amd64&apos;, os.version: &apos;5.10.162+&apos;, java.version: &apos;11.0.18&apos;
Driver info: org.openqa.selenium.remote.RemoteWebDriver
Command: [0d58e8485086e16b90f18de1e1e5b1ad, findElement {using=xpath, value=/html/body/div[2]/nav/ul/li[2]/a}]
Capabilities {acceptInsecureCerts: false, browserName: chrome, browserVersion: 113.0.5672.63, chrome: {chromedriverVersion: 113.0.5672.63 (0e1a4471d5ae..., userDataDir: /tmp/.com.google.Chrome.6GOGBD}, goog:chromeOptions: {debuggerAddress: localhost:45613}, networkConnectionEnabled: false, pageLoadStrategy: normal, platformName: linux, proxy: Proxy(), se:bidiEnabled: false, se:cdp: ws://172.17.0.2:4444/sessio..., se:cdpVersion: 113.0.5672.63, se:vnc: ws://172.17.0.2:4444/sessio..., se:vncEnabled: true, se:vncLocalAddress: ws://172.17.0.2:7900, setWindowRect: true, strictFileInteractability: false, timeouts: {implicit: 0, pageLoad: 300000, script: 30000}, unhandledPromptBehavior: dismiss and notify, webauthn:extension:credBlob: true, webauthn:extension:largeBlob: true, webauthn:extension:minPinLength: true, webauthn:extension:prf: true, webauthn:virtualAuthenticators: true}
Session ID: 0d58e8485086e16b90f18de1e1e5b1ad
	at java.base/jdk.internal.reflect.NativeConstructorAccessorImpl.newInstance0(Native Method)
	at java.base/jdk.internal.reflect.NativeConstructorAccessorImpl.newInstance(NativeConstructorAccessorImpl.java:62)
	at java.base/jdk.internal.reflect.DelegatingConstructorAccessorImpl.newInstance(DelegatingConstructorAccessorImpl.java:45)
	at java.base/java.lang.reflect.Constructor.newInstance(Constructor.java:490)
	at org.openqa.selenium.remote.codec.w3c.W3CHttpResponseCodec.createException(W3CHttpResponseCodec.java:200)
	at org.openqa.selenium.remote.codec.w3c.W3CHttpResponseCodec.decode(W3CHttpResponseCodec.java:133)
	at org.openqa.selenium.remote.codec.w3c.W3CHttpResponseCodec.decode(W3CHttpResponseCodec.java:53)
	at org.openqa.selenium.remote.HttpCommandExecutor.execute(HttpCommandExecutor.java:193)
	at org.openqa.selenium.remote.TracedCommandExecutor.execute(TracedCommandExecutor.java:51)
	at org.openqa.selenium.remote.RemoteWebDriver.execute(RemoteWebDriver.java:543)
	at org.openqa.selenium.remote.ElementLocation$ElementFinder$2.findElement(ElementLocation.java:162)
	at org.openqa.selenium.remote.ElementLocation.findElement(ElementLocation.java:60)
	at org.openqa.selenium.remote.RemoteWebDriver.findElement(RemoteWebDriver.java:352)
	at org.openqa.selenium.remote.RemoteWebDriver.findElement(RemoteWebDriver.java:344)
	at org.openqa.selenium.support.pagefactory.DefaultElementLocator.findElement(DefaultElementLocator.java:70)
	at org.openqa.selenium.support.pagefactory.internal.LocatingElementHandler.invoke(LocatingElementHandler.java:39)
	at com.sun.proxy.$Proxy22.click(Unknown Source)
	at pageObject.DashBoardPage.dashboardButton(DashBoardPage.java:57)
	at stepDefinition.Stepdefinition.admin_click_on_Dashboard(Stepdefinition.java:85)
	at ✽.When admin click on Dashboard(src/test/resources/Features/AdminDashboard.feature:12)
</error>
  </testcase>
  <testcase classname="Scenario: Verify Reg Users Page in Dashboard" name="And click on Reg Users Full Detail link" time="0.021">
    <skipped/>
  </testcase>
  <testcase classname="Scenario: Verify Reg Users Page in Dashboard" name="Then admin should be navigated to Registered Users Page" time="0.021">
    <skipped/>
  </testcase>
  <testcase classname="Scenario: Verify Listed Vehicles Page in Dashboard" name="Given admin launch the browser" time="0"/>
  <testcase classname="Scenario: Verify Listed Vehicles Page in Dashboard" name="When admin opens url &quot;https://carrental.neohire.io/admin/&quot;" time="0"/>
  <testcase classname="Scenario: Verify Listed Vehicles Page in Dashboard" name="Then admin should able to see the admin signin page" time="0"/>
  <testcase classname="Scenario: Verify Listed Vehicles Page in Dashboard" name="When admin enters username as &quot;admin&quot;  and password as &quot;Test@12345&quot;" time="0"/>
  <testcase classname="Scenario: Verify Listed Vehicles Page in Dashboard" name="And click on login" time="0"/>
  <testcase classname="Scenario: Verify Listed Vehicles Page in Dashboard" name="Then admin should able to view car rental portal | admin panel" time="0"/>
  <testcase classname="Scenario: Verify Listed Vehicles Page in Dashboard" name="When admin click on Listed Vehicles Full Detail link" time="0.001">
    <error message="no such element: Unable to locate element: {&quot;method&quot;:&quot;xpath&quot;,&quot;selector&quot;:&quot;/html/body/div[2]/div/div/div[1]/div/div/div/div/div[2]/div/a&quot;}
  (Session info: chrome=113.0.5672.63)
For documentation on this error, please visit: https://selenium.dev/exceptions/#no_such_element
Build info: version: &apos;4.9.1&apos;, revision: &apos;eb2032df7f&apos;
System info: os.name: &apos;Linux&apos;, os.arch: &apos;amd64&apos;, os.version: &apos;5.10.162+&apos;, java.version: &apos;11.0.18&apos;
Driver info: org.openqa.selenium.remote.RemoteWebDriver
Command: [897831bffb1ca63653f8aee3237da201, findElement {using=xpath, value=/html/body/div[2]/div/div/div[1]/div/div/div/div/div[2]/div/a}]
Capabilities {acceptInsecureCerts: false, browserName: chrome, browserVersion: 113.0.5672.63, chrome: {chromedriverVersion: 113.0.5672.63 (0e1a4471d5ae..., userDataDir: /tmp/.com.google.Chrome.6Zs2iv}, goog:chromeOptions: {debuggerAddress: localhost:39723}, networkConnectionEnabled: false, pageLoadStrategy: normal, platformName: linux, proxy: Proxy(), se:bidiEnabled: false, se:cdp: ws://172.17.0.2:4444/sessio..., se:cdpVersion: 113.0.5672.63, se:vnc: ws://172.17.0.2:4444/sessio..., se:vncEnabled: true, se:vncLocalAddress: ws://172.17.0.2:7900, setWindowRect: true, strictFileInteractability: false, timeouts: {implicit: 0, pageLoad: 300000, script: 30000}, unhandledPromptBehavior: dismiss and notify, webauthn:extension:credBlob: true, webauthn:extension:largeBlob: true, webauthn:extension:minPinLength: true, webauthn:extension:prf: true, webauthn:virtualAuthenticators: true}
Session ID: 897831bffb1ca63653f8aee3237da201" type="org.openqa.selenium.NoSuchElementException">org.openqa.selenium.NoSuchElementException: no such element: Unable to locate element: {&quot;method&quot;:&quot;xpath&quot;,&quot;selector&quot;:&quot;/html/body/div[2]/div/div/div[1]/div/div/div/div/div[2]/div/a&quot;}
  (Session info: chrome=113.0.5672.63)
For documentation on this error, please visit: https://selenium.dev/exceptions/#no_such_element
Build info: version: &apos;4.9.1&apos;, revision: &apos;eb2032df7f&apos;
System info: os.name: &apos;Linux&apos;, os.arch: &apos;amd64&apos;, os.version: &apos;5.10.162+&apos;, java.version: &apos;11.0.18&apos;
Driver info: org.openqa.selenium.remote.RemoteWebDriver
Command: [897831bffb1ca63653f8aee3237da201, findElement {using=xpath, value=/html/body/div[2]/div/div/div[1]/div/div/div/div/div[2]/div/a}]
Capabilities {acceptInsecureCerts: false, browserName: chrome, browserVersion: 113.0.5672.63, chrome: {chromedriverVersion: 113.0.5672.63 (0e1a4471d5ae..., userDataDir: /tmp/.com.google.Chrome.6Zs2iv}, goog:chromeOptions: {debuggerAddress: localhost:39723}, networkConnectionEnabled: false, pageLoadStrategy: normal, platformName: linux, proxy: Proxy(), se:bidiEnabled: false, se:cdp: ws://172.17.0.2:4444/sessio..., se:cdpVersion: 113.0.5672.63, se:vnc: ws://172.17.0.2:4444/sessio..., se:vncEnabled: true, se:vncLocalAddress: ws://172.17.0.2:7900, setWindowRect: true, strictFileInteractability: false, timeouts: {implicit: 0, pageLoad: 300000, script: 30000}, unhandledPromptBehavior: dismiss and notify, webauthn:extension:credBlob: true, webauthn:extension:largeBlob: true, webauthn:extension:minPinLength: true, webauthn:extension:prf: true, webauthn:virtualAuthenticators: true}
Session ID: 897831bffb1ca63653f8aee3237da201
	at java.base/jdk.internal.reflect.NativeConstructorAccessorImpl.newInstance0(Native Method)
	at java.base/jdk.internal.reflect.NativeConstructorAccessorImpl.newInstance(NativeConstructorAccessorImpl.java:62)
	at java.base/jdk.internal.reflect.DelegatingConstructorAccessorImpl.newInstance(DelegatingConstructorAccessorImpl.java:45)
	at java.base/java.lang.reflect.Constructor.newInstance(Constructor.java:490)
	at org.openqa.selenium.remote.codec.w3c.W3CHttpResponseCodec.createException(W3CHttpResponseCodec.java:200)
	at org.openqa.selenium.remote.codec.w3c.W3CHttpResponseCodec.decode(W3CHttpResponseCodec.java:133)
	at org.openqa.selenium.remote.codec.w3c.W3CHttpResponseCodec.decode(W3CHttpResponseCodec.java:53)
	at org.openqa.selenium.remote.HttpCommandExecutor.execute(HttpCommandExecutor.java:193)
	at org.openqa.selenium.remote.TracedCommandExecutor.execute(TracedCommandExecutor.java:51)
	at org.openqa.selenium.remote.RemoteWebDriver.execute(RemoteWebDriver.java:543)
	at org.openqa.selenium.remote.ElementLocation$ElementFinder$2.findElement(ElementLocation.java:162)
	at org.openqa.selenium.remote.ElementLocation.findElement(ElementLocation.java:60)
	at org.openqa.selenium.remote.RemoteWebDriver.findElement(RemoteWebDriver.java:352)
	at org.openqa.selenium.remote.RemoteWebDriver.findElement(RemoteWebDriver.java:344)
	at org.openqa.selenium.support.pagefactory.DefaultElementLocator.findElement(DefaultElementLocator.java:70)
	at org.openqa.selenium.support.pagefactory.internal.LocatingElementHandler.invoke(LocatingElementHandler.java:39)
	at com.sun.proxy.$Proxy22.click(Unknown Source)
	at pageObject.DashBoardPage.listVehButton(DashBoardPage.java:69)
	at stepDefinition.Stepdefinition.admin_click_on_Listed_Vehicles_Full_Detail_link(Stepdefinition.java:105)
	at ✽.When admin click on Listed Vehicles Full Detail link(src/test/resources/Features/AdminDashboard.feature:17)
</error>
    <system-out>
  Background:                                                           &amp;#27;[90m# src/test/resources/Features/AdminDashboard.feature:3&amp;#27;[0m
    &amp;#27;[32mGiven &amp;#27;[0m&amp;#27;[32madmin launch the browser&amp;#27;[0m                                      &amp;#27;[90m# Stepdefinition.admin_launch_the_browser()&amp;#27;[0m
    &amp;#27;[32mWhen &amp;#27;[0m&amp;#27;[32madmin opens url &quot;&amp;#27;[0m&amp;#27;[32m&amp;#27;[1mhttps://carrental.neohire.io/admin/&amp;#27;[0m&amp;#27;[32m&quot;&amp;#27;[0m          &amp;#27;[90m# Stepdefinition.admin_opens_url(String)&amp;#27;[0m
    &amp;#27;[32mThen &amp;#27;[0m&amp;#27;[32madmin should able to see the admin signin page&amp;#27;[0m                 &amp;#27;[90m# Stepdefinition.admin_should_able_to_see_the_admin_signin_page()&amp;#27;[0m
    &amp;#27;[32mWhen &amp;#27;[0m&amp;#27;[32madmin enters username as &quot;&amp;#27;[0m&amp;#27;[32m&amp;#27;[1madmin&amp;#27;[0m&amp;#27;[32m&quot;  and password as &quot;&amp;#27;[0m&amp;#27;[32m&amp;#27;[1mTest@12345&amp;#27;[0m&amp;#27;[32m&quot;&amp;#27;[0m &amp;#27;[90m# Stepdefinition.admin_enters_username_as_and_password_as(String,String)&amp;#27;[0m
    &amp;#27;[32mAnd &amp;#27;[0m&amp;#27;[32mclick on login&amp;#27;[0m                                                  &amp;#27;[90m# Stepdefinition.click_on_login()&amp;#27;[0m
    &amp;#27;[32mThen &amp;#27;[0m&amp;#27;[32madmin should able to view car rental portal | admin panel&amp;#27;[0m      &amp;#27;[90m# Stepdefinition.admin_should_able_to_view_car_rental_portal_admin_panel()&amp;#27;[0m
</system-out>
  </testcase>
  <testcase classname="Scenario: Verify Listed Vehicles Page in Dashboard" name="Scenario: Verify Listed Vehicles Page in Dashboard" time="0.002">
    <error message="no such element: Unable to locate element: {&quot;method&quot;:&quot;xpath&quot;,&quot;selector&quot;:&quot;/html/body/div[2]/div/div/div[1]/div/div/div/div/div[2]/div/a&quot;}
  (Session info: chrome=113.0.5672.63)
For documentation on this error, please visit: https://selenium.dev/exceptions/#no_such_element
Build info: version: &apos;4.9.1&apos;, revision: &apos;eb2032df7f&apos;
System info: os.name: &apos;Linux&apos;, os.arch: &apos;amd64&apos;, os.version: &apos;5.10.162+&apos;, java.version: &apos;11.0.18&apos;
Driver info: org.openqa.selenium.remote.RemoteWebDriver
Command: [897831bffb1ca63653f8aee3237da201, findElement {using=xpath, value=/html/body/div[2]/div/div/div[1]/div/div/div/div/div[2]/div/a}]
Capabilities {acceptInsecureCerts: false, browserName: chrome, browserVersion: 113.0.5672.63, chrome: {chromedriverVersion: 113.0.5672.63 (0e1a4471d5ae..., userDataDir: /tmp/.com.google.Chrome.6Zs2iv}, goog:chromeOptions: {debuggerAddress: localhost:39723}, networkConnectionEnabled: false, pageLoadStrategy: normal, platformName: linux, proxy: Proxy(), se:bidiEnabled: false, se:cdp: ws://172.17.0.2:4444/sessio..., se:cdpVersion: 113.0.5672.63, se:vnc: ws://172.17.0.2:4444/sessio..., se:vncEnabled: true, se:vncLocalAddress: ws://172.17.0.2:7900, setWindowRect: true, strictFileInteractability: false, timeouts: {implicit: 0, pageLoad: 300000, script: 30000}, unhandledPromptBehavior: dismiss and notify, webauthn:extension:credBlob: true, webauthn:extension:largeBlob: true, webauthn:extension:minPinLength: true, webauthn:extension:prf: true, webauthn:virtualAuthenticators: true}
Session ID: 897831bffb1ca63653f8aee3237da201" type="org.openqa.selenium.NoSuchElementException">org.openqa.selenium.NoSuchElementException: no such element: Unable to locate element: {&quot;method&quot;:&quot;xpath&quot;,&quot;selector&quot;:&quot;/html/body/div[2]/div/div/div[1]/div/div/div/div/div[2]/div/a&quot;}
  (Session info: chrome=113.0.5672.63)
For documentation on this error, please visit: https://selenium.dev/exceptions/#no_such_element
Build info: version: &apos;4.9.1&apos;, revision: &apos;eb2032df7f&apos;
System info: os.name: &apos;Linux&apos;, os.arch: &apos;amd64&apos;, os.version: &apos;5.10.162+&apos;, java.version: &apos;11.0.18&apos;
Driver info: org.openqa.selenium.remote.RemoteWebDriver
Command: [897831bffb1ca63653f8aee3237da201, findElement {using=xpath, value=/html/body/div[2]/div/div/div[1]/div/div/div/div/div[2]/div/a}]
Capabilities {acceptInsecureCerts: false, browserName: chrome, browserVersion: 113.0.5672.63, chrome: {chromedriverVersion: 113.0.5672.63 (0e1a4471d5ae..., userDataDir: /tmp/.com.google.Chrome.6Zs2iv}, goog:chromeOptions: {debuggerAddress: localhost:39723}, networkConnectionEnabled: false, pageLoadStrategy: normal, platformName: linux, proxy: Proxy(), se:bidiEnabled: false, se:cdp: ws://172.17.0.2:4444/sessio..., se:cdpVersion: 113.0.5672.63, se:vnc: ws://172.17.0.2:4444/sessio..., se:vncEnabled: true, se:vncLocalAddress: ws://172.17.0.2:7900, setWindowRect: true, strictFileInteractability: false, timeouts: {implicit: 0, pageLoad: 300000, script: 30000}, unhandledPromptBehavior: dismiss and notify, webauthn:extension:credBlob: true, webauthn:extension:largeBlob: true, webauthn:extension:minPinLength: true, webauthn:extension:prf: true, webauthn:virtualAuthenticators: true}
Session ID: 897831bffb1ca63653f8aee3237da201
	at java.base/jdk.internal.reflect.NativeConstructorAccessorImpl.newInstance0(Native Method)
	at java.base/jdk.internal.reflect.NativeConstructorAccessorImpl.newInstance(NativeConstructorAccessorImpl.java:62)
	at java.base/jdk.internal.reflect.DelegatingConstructorAccessorImpl.newInstance(DelegatingConstructorAccessorImpl.java:45)
	at java.base/java.lang.reflect.Constructor.newInstance(Constructor.java:490)
	at org.openqa.selenium.remote.codec.w3c.W3CHttpResponseCodec.createException(W3CHttpResponseCodec.java:200)
	at org.openqa.selenium.remote.codec.w3c.W3CHttpResponseCodec.decode(W3CHttpResponseCodec.java:133)
	at org.openqa.selenium.remote.codec.w3c.W3CHttpResponseCodec.decode(W3CHttpResponseCodec.java:53)
	at org.openqa.selenium.remote.HttpCommandExecutor.execute(HttpCommandExecutor.java:193)
	at org.openqa.selenium.remote.TracedCommandExecutor.execute(TracedCommandExecutor.java:51)
	at org.openqa.selenium.remote.RemoteWebDriver.execute(RemoteWebDriver.java:543)
	at org.openqa.selenium.remote.ElementLocation$ElementFinder$2.findElement(ElementLocation.java:162)
	at org.openqa.selenium.remote.ElementLocation.findElement(ElementLocation.java:60)
	at org.openqa.selenium.remote.RemoteWebDriver.findElement(RemoteWebDriver.java:352)
	at org.openqa.selenium.remote.RemoteWebDriver.findElement(RemoteWebDriver.java:344)
	at org.openqa.selenium.support.pagefactory.DefaultElementLocator.findElement(DefaultElementLocator.java:70)
	at org.openqa.selenium.support.pagefactory.internal.LocatingElementHandler.invoke(LocatingElementHandler.java:39)
	at com.sun.proxy.$Proxy22.click(Unknown Source)
	at pageObject.DashBoardPage.listVehButton(DashBoardPage.java:69)
	at stepDefinition.Stepdefinition.admin_click_on_Listed_Vehicles_Full_Detail_link(Stepdefinition.java:105)
	at ✽.When admin click on Listed Vehicles Full Detail link(src/test/resources/Features/AdminDashboard.feature:17)
</error>
  </testcase>
  <testcase classname="Scenario: Verify Listed Vehicles Page in Dashboard" name="Then admin should be navigated to Manage Vehicles Page" time="0.002">
    <skipped/>
  </testcase>
  <testcase classname="Scenario: Verify Total Bookings Page in Dashboard" name="Given admin launch the browser" time="0"/>
  <testcase classname="Scenario: Verify Total Bookings Page in Dashboard" name="When admin opens url &quot;https://carrental.neohire.io/admin/&quot;" time="0"/>
  <testcase classname="Scenario: Verify Total Bookings Page in Dashboard" name="Then admin should able to see the admin signin page" time="0"/>
  <testcase classname="Scenario: Verify Total Bookings Page in Dashboard" name="When admin enters username as &quot;admin&quot;  and password as &quot;Test@12345&quot;" time="0"/>
  <testcase classname="Scenario: Verify Total Bookings Page in Dashboard" name="And click on login" time="0"/>
  <testcase classname="Scenario: Verify Total Bookings Page in Dashboard" name="Then admin should able to view car rental portal | admin panel" time="0"/>
  <testcase classname="Scenario: Verify Total Bookings Page in Dashboard" name="When admin click on Total Bookings Full Detail link" time="0.004">
    <skipped/>
    <system-out>
  Background:                                                           &amp;#27;[90m# src/test/resources/Features/AdminDashboard.feature:3&amp;#27;[0m
    &amp;#27;[32mGiven &amp;#27;[0m&amp;#27;[32madmin launch the browser&amp;#27;[0m                                      &amp;#27;[90m# Stepdefinition.admin_launch_the_browser()&amp;#27;[0m
    &amp;#27;[32mWhen &amp;#27;[0m&amp;#27;[32madmin opens url &quot;&amp;#27;[0m&amp;#27;[32m&amp;#27;[1mhttps://carrental.neohire.io/admin/&amp;#27;[0m&amp;#27;[32m&quot;&amp;#27;[0m          &amp;#27;[90m# Stepdefinition.admin_opens_url(String)&amp;#27;[0m
    &amp;#27;[32mThen &amp;#27;[0m&amp;#27;[32madmin should able to see the admin signin page&amp;#27;[0m                 &amp;#27;[90m# Stepdefinition.admin_should_able_to_see_the_admin_signin_page()&amp;#27;[0m
    &amp;#27;[32mWhen &amp;#27;[0m&amp;#27;[32madmin enters username as &quot;&amp;#27;[0m&amp;#27;[32m&amp;#27;[1madmin&amp;#27;[0m&amp;#27;[32m&quot;  and password as &quot;&amp;#27;[0m&amp;#27;[32m&amp;#27;[1mTest@12345&amp;#27;[0m&amp;#27;[32m&quot;&amp;#27;[0m &amp;#27;[90m# Stepdefinition.admin_enters_username_as_and_password_as(String,String)&amp;#27;[0m
    &amp;#27;[32mAnd &amp;#27;[0m&amp;#27;[32mclick on login&amp;#27;[0m                                                  &amp;#27;[90m# Stepdefinition.click_on_login()&amp;#27;[0m
    &amp;#27;[32mThen &amp;#27;[0m&amp;#27;[32madmin should able to view car rental portal | admin panel&amp;#27;[0m      &amp;#27;[90m# Stepdefinition.admin_should_able_to_view_car_rental_portal_admin_panel()&amp;#27;[0m
</system-out>
  </testcase>
  <testcase classname="Scenario: Verify Total Bookings Page in Dashboard" name="Then admin should be navigated to Manage Bookings Page" time="0.005">
    <skipped/>
  </testcase>
  <testcase classname="Scenario: Verify Total Bookings Page in Dashboard" name="Scenario: Verify Total Bookings Page in Dashboard" time="0.121">
    <skipped/>
  </testcase>
  <testcase classname="Scenario: Verify Total Bookings Page in Dashboard" name="Scenario: Verify Total Bookings Page in Dashboard" time="0.121"/>
  <testcase classname="Scenario: Verify Listed Brands Page in Dashboard" name="Given admin launch the browser" time="0"/>
  <testcase classname="Scenario: Verify Listed Brands Page in Dashboard" name="When admin opens url &quot;https://carrental.neohire.io/admin/&quot;" time="0"/>
  <testcase classname="Scenario: Verify Listed Brands Page in Dashboard" name="Then admin should able to see the admin signin page" time="0"/>
  <testcase classname="Scenario: Verify Listed Brands Page in Dashboard" name="When admin enters username as &quot;admin&quot;  and password as &quot;Test@12345&quot;" time="0"/>
  <testcase classname="Scenario: Verify Listed Brands Page in Dashboard" name="And click on login" time="0"/>
  <testcase classname="Scenario: Verify Listed Brands Page in Dashboard" name="Then admin should able to view car rental portal | admin panel" time="0"/>
  <testcase classname="Scenario: Verify Listed Brands Page in Dashboard" name="When admin click on Listed Brands Full Detail link" time="0.002">
    <skipped/>
    <system-out>
  Background:                                                           &amp;#27;[90m# src/test/resources/Features/AdminDashboard.feature:3&amp;#27;[0m
    &amp;#27;[32mGiven &amp;#27;[0m&amp;#27;[32madmin launch the browser&amp;#27;[0m                                      &amp;#27;[90m# Stepdefinition.admin_launch_the_browser()&amp;#27;[0m
    &amp;#27;[32mWhen &amp;#27;[0m&amp;#27;[32madmin opens url &quot;&amp;#27;[0m&amp;#27;[32m&amp;#27;[1mhttps://carrental.neohire.io/admin/&amp;#27;[0m&amp;#27;[32m&quot;&amp;#27;[0m          &amp;#27;[90m# Stepdefinition.admin_opens_url(String)&amp;#27;[0m
    &amp;#27;[32mThen &amp;#27;[0m&amp;#27;[32madmin should able to see the admin signin page&amp;#27;[0m                 &amp;#27;[90m# Stepdefinition.admin_should_able_to_see_the_admin_signin_page()&amp;#27;[0m
    &amp;#27;[32mWhen &amp;#27;[0m&amp;#27;[32madmin enters username as &quot;&amp;#27;[0m&amp;#27;[32m&amp;#27;[1madmin&amp;#27;[0m&amp;#27;[32m&quot;  and password as &quot;&amp;#27;[0m&amp;#27;[32m&amp;#27;[1mTest@12345&amp;#27;[0m&amp;#27;[32m&quot;&amp;#27;[0m &amp;#27;[90m# Stepdefinition.admin_enters_username_as_and_password_as(String,String)&amp;#27;[0m
    &amp;#27;[32mAnd &amp;#27;[0m&amp;#27;[32mclick on login&amp;#27;[0m                                                  &amp;#27;[90m# Stepdefinition.click_on_login()&amp;#27;[0m
    &amp;#27;[32mThen &amp;#27;[0m&amp;#27;[32madmin should able to view car rental portal | admin panel&amp;#27;[0m      &amp;#27;[90m# Stepdefinition.admin_should_able_to_view_car_rental_portal_admin_panel()&amp;#27;[0m
</system-out>
  </testcase>
  <testcase classname="Scenario: Verify Listed Brands Page in Dashboard" name="Then admin should be navigated to Manage Brands Page" time="0.002">
    <skipped/>
  </testcase>
  <testcase classname="Scenario: Verify Listed Brands Page in Dashboard" name="Scenario: Verify Listed Brands Page in Dashboard" time="0.108">
    <skipped/>
  </testcase>
  <testcase classname="Scenario: Verify Listed Brands Page in Dashboard" name="Scenario: Verify Listed Brands Page in Dashboard" time="0.108"/>
  <testcase classname="Scenario: Verify Subscibers Page in Dashboard" name="Given admin launch the browser" time="0"/>
  <testcase classname="Scenario: Verify Subscibers Page in Dashboard" name="When admin opens url &quot;https://carrental.neohire.io/admin/&quot;" time="0"/>
  <testcase classname="Scenario: Verify Subscibers Page in Dashboard" name="Then admin should able to see the admin signin page" time="0"/>
  <testcase classname="Scenario: Verify Subscibers Page in Dashboard" name="When admin enters username as &quot;admin&quot;  and password as &quot;Test@12345&quot;" time="0"/>
  <testcase classname="Scenario: Verify Subscibers Page in Dashboard" name="And click on login" time="0"/>
  <testcase classname="Scenario: Verify Subscibers Page in Dashboard" name="Then admin should able to view car rental portal | admin panel" time="0"/>
  <testcase classname="Scenario: Verify Subscibers Page in Dashboard" name="When admin click on Subscibers Full Detail link" time="0">
    <skipped/>
    <system-out>
  Background:                                                           &amp;#27;[90m# src/test/resources/Features/AdminDashboard.feature:3&amp;#27;[0m
    &amp;#27;[32mGiven &amp;#27;[0m&amp;#27;[32madmin launch the browser&amp;#27;[0m                                      &amp;#27;[90m# Stepdefinition.admin_launch_the_browser()&amp;#27;[0m
    &amp;#27;[32mWhen &amp;#27;[0m&amp;#27;[32madmin opens url &quot;&amp;#27;[0m&amp;#27;[32m&amp;#27;[1mhttps://carrental.neohire.io/admin/&amp;#27;[0m&amp;#27;[32m&quot;&amp;#27;[0m          &amp;#27;[90m# Stepdefinition.admin_opens_url(String)&amp;#27;[0m
    &amp;#27;[32mThen &amp;#27;[0m&amp;#27;[32madmin should able to see the admin signin page&amp;#27;[0m                 &amp;#27;[90m# Stepdefinition.admin_should_able_to_see_the_admin_signin_page()&amp;#27;[0m
    &amp;#27;[32mWhen &amp;#27;[0m&amp;#27;[32madmin enters username as &quot;&amp;#27;[0m&amp;#27;[32m&amp;#27;[1madmin&amp;#27;[0m&amp;#27;[32m&quot;  and password as &quot;&amp;#27;[0m&amp;#27;[32m&amp;#27;[1mTest@12345&amp;#27;[0m&amp;#27;[32m&quot;&amp;#27;[0m &amp;#27;[90m# Stepdefinition.admin_enters_username_as_and_password_as(String,String)&amp;#27;[0m
    &amp;#27;[32mAnd &amp;#27;[0m&amp;#27;[32mclick on login&amp;#27;[0m                                                  &amp;#27;[90m# Stepdefinition.click_on_login()&amp;#27;[0m
    &amp;#27;[32mThen &amp;#27;[0m&amp;#27;[32madmin should able to view car rental portal | admin panel&amp;#27;[0m      &amp;#27;[90m# Stepdefinition.admin_should_able_to_view_car_rental_portal_admin_panel()&amp;#27;[0m
</system-out>
  </testcase>
  <testcase classname="Scenario: Verify Subscibers Page in Dashboard" name="Then admin should be navigated to Manage Subscribers Page" time="0">
    <skipped/>
  </testcase>
  <testcase classname="Scenario: Verify Subscibers Page in Dashboard" name="Scenario: Verify Subscibers Page in Dashboard" time="0.147">
    <skipped/>
  </testcase>
  <testcase classname="Scenario: Verify Subscibers Page in Dashboard" name="Scenario: Verify Subscibers Page in Dashboard" time="0.148"/>
  <testcase classname="Scenario: Verify Queries Page in Dashboard" name="Given admin launch the browser" time="0"/>
  <testcase classname="Scenario: Verify Queries Page in Dashboard" name="When admin opens url &quot;https://carrental.neohire.io/admin/&quot;" time="0"/>
  <testcase classname="Scenario: Verify Queries Page in Dashboard" name="Then admin should able to see the admin signin page" time="0"/>
  <testcase classname="Scenario: Verify Queries Page in Dashboard" name="When admin enters username as &quot;admin&quot;  and password as &quot;Test@12345&quot;" time="0"/>
  <testcase classname="Scenario: Verify Queries Page in Dashboard" name="And click on login" time="0"/>
  <testcase classname="Scenario: Verify Queries Page in Dashboard" name="Then admin should able to view car rental portal | admin panel" time="0"/>
  <testcase classname="Scenario: Verify Queries Page in Dashboard" name="When admin click on Queries Full Detail link" time="0.001">
    <skipped/>
    <system-out>
  Background:                                                           &amp;#27;[90m# src/test/resources/Features/AdminDashboard.feature:3&amp;#27;[0m
    &amp;#27;[32mGiven &amp;#27;[0m&amp;#27;[32madmin launch the browser&amp;#27;[0m                                      &amp;#27;[90m# Stepdefinition.admin_launch_the_browser()&amp;#27;[0m
    &amp;#27;[32mWhen &amp;#27;[0m&amp;#27;[32madmin opens url &quot;&amp;#27;[0m&amp;#27;[32m&amp;#27;[1mhttps://carrental.neohire.io/admin/&amp;#27;[0m&amp;#27;[32m&quot;&amp;#27;[0m          &amp;#27;[90m# Stepdefinition.admin_opens_url(String)&amp;#27;[0m
    &amp;#27;[32mThen &amp;#27;[0m&amp;#27;[32madmin should able to see the admin signin page&amp;#27;[0m                 &amp;#27;[90m# Stepdefinition.admin_should_able_to_see_the_admin_signin_page()&amp;#27;[0m
    &amp;#27;[32mWhen &amp;#27;[0m&amp;#27;[32madmin enters username as &quot;&amp;#27;[0m&amp;#27;[32m&amp;#27;[1madmin&amp;#27;[0m&amp;#27;[32m&quot;  and password as &quot;&amp;#27;[0m&amp;#27;[32m&amp;#27;[1mTest@12345&amp;#27;[0m&amp;#27;[32m&quot;&amp;#27;[0m &amp;#27;[90m# Stepdefinition.admin_enters_username_as_and_password_as(String,String)&amp;#27;[0m
    &amp;#27;[32mAnd &amp;#27;[0m&amp;#27;[32mclick on login&amp;#27;[0m                                                  &amp;#27;[90m# Stepdefinition.click_on_login()&amp;#27;[0m
    &amp;#27;[32mThen &amp;#27;[0m&amp;#27;[32madmin should able to view car rental portal | admin panel&amp;#27;[0m      &amp;#27;[90m# Stepdefinition.admin_should_able_to_view_car_rental_portal_admin_panel()&amp;#27;[0m
</system-out>
  </testcase>
  <testcase classname="Scenario: Verify Queries Page in Dashboard" name="Then admin should be navigated to Manage Contact Us Queries Page" time="0.002">
    <skipped/>
  </testcase>
  <testcase classname="Scenario: Verify Queries Page in Dashboard" name="Scenario: Verify Queries Page in Dashboard" time="0.125">
    <skipped/>
  </testcase>
  <testcase classname="Scenario: Verify Queries Page in Dashboard" name="Scenario: Verify Queries Page in Dashboard" time="0.125"/>
  <testcase classname="Scenario: Verify Testimonials Page in Dashboard" name="Given admin launch the browser" time="0"/>
  <testcase classname="Scenario: Verify Testimonials Page in Dashboard" name="When admin opens url &quot;https://carrental.neohire.io/admin/&quot;" time="0"/>
  <testcase classname="Scenario: Verify Testimonials Page in Dashboard" name="Then admin should able to see the admin signin page" time="0"/>
  <testcase classname="Scenario: Verify Testimonials Page in Dashboard" name="When admin enters username as &quot;admin&quot;  and password as &quot;Test@12345&quot;" time="0"/>
  <testcase classname="Scenario: Verify Testimonials Page in Dashboard" name="And click on login" time="0"/>
  <testcase classname="Scenario: Verify Testimonials Page in Dashboard" name="Then admin should able to view car rental portal | admin panel" time="0"/>
  <testcase classname="Scenario: Verify Testimonials Page in Dashboard" name="When admin click on Testimonials Full Detail link" time="0.002">
    <skipped/>
    <system-out>
  Background:                                                           &amp;#27;[90m# src/test/resources/Features/AdminDashboard.feature:3&amp;#27;[0m
    &amp;#27;[32mGiven &amp;#27;[0m&amp;#27;[32madmin launch the browser&amp;#27;[0m                                      &amp;#27;[90m# Stepdefinition.admin_launch_the_browser()&amp;#27;[0m
    &amp;#27;[32mWhen &amp;#27;[0m&amp;#27;[32madmin opens url &quot;&amp;#27;[0m&amp;#27;[32m&amp;#27;[1mhttps://carrental.neohire.io/admin/&amp;#27;[0m&amp;#27;[32m&quot;&amp;#27;[0m          &amp;#27;[90m# Stepdefinition.admin_opens_url(String)&amp;#27;[0m
    &amp;#27;[32mThen &amp;#27;[0m&amp;#27;[32madmin should able to see the admin signin page&amp;#27;[0m                 &amp;#27;[90m# Stepdefinition.admin_should_able_to_see_the_admin_signin_page()&amp;#27;[0m
    &amp;#27;[32mWhen &amp;#27;[0m&amp;#27;[32madmin enters username as &quot;&amp;#27;[0m&amp;#27;[32m&amp;#27;[1madmin&amp;#27;[0m&amp;#27;[32m&quot;  and password as &quot;&amp;#27;[0m&amp;#27;[32m&amp;#27;[1mTest@12345&amp;#27;[0m&amp;#27;[32m&quot;&amp;#27;[0m &amp;#27;[90m# Stepdefinition.admin_enters_username_as_and_password_as(String,String)&amp;#27;[0m
    &amp;#27;[32mAnd &amp;#27;[0m&amp;#27;[32mclick on login&amp;#27;[0m                                                  &amp;#27;[90m# Stepdefinition.click_on_login()&amp;#27;[0m
    &amp;#27;[32mThen &amp;#27;[0m&amp;#27;[32madmin should able to view car rental portal | admin panel&amp;#27;[0m      &amp;#27;[90m# Stepdefinition.admin_should_able_to_view_car_rental_portal_admin_panel()&amp;#27;[0m
</system-out>
  </testcase>
  <testcase classname="Scenario: Verify Testimonials Page in Dashboard" name="Then admin should be navigated to Manage Testimonials Page" time="0.002">
    <skipped/>
  </testcase>
  <testcase classname="Scenario: Verify Testimonials Page in Dashboard" name="Scenario: Verify Testimonials Page in Dashboard" time="0.103">
    <skipped/>
  </testcase>
  <testcase classname="Scenario: Verify Testimonials Page in Dashboard" name="Scenario: Verify Testimonials Page in Dashboard" time="0.103"/>
  <testcase classname="Scenario: Verify Logout Functionality in Dashboard" name="Given admin launch the browser" time="0"/>
  <testcase classname="Scenario: Verify Logout Functionality in Dashboard" name="When admin opens url &quot;https://carrental.neohire.io/admin/&quot;" time="0"/>
  <testcase classname="Scenario: Verify Logout Functionality in Dashboard" name="Then admin should able to see the admin signin page" time="0"/>
  <testcase classname="Scenario: Verify Logout Functionality in Dashboard" name="When admin enters username as &quot;admin&quot;  and password as &quot;Test@12345&quot;" time="0"/>
  <testcase classname="Scenario: Verify Logout Functionality in Dashboard" name="And click on login" time="0"/>
  <testcase classname="Scenario: Verify Logout Functionality in Dashboard" name="Then admin should able to view car rental portal | admin panel" time="0"/>
  <testcase classname="Scenario: Verify Logout Functionality in Dashboard" name="When admin click on Account option" time="0.001">
    <skipped/>
    <system-out>
  Background:                                                           &amp;#27;[90m# src/test/resources/Features/AdminDashboard.feature:3&amp;#27;[0m
    &amp;#27;[32mGiven &amp;#27;[0m&amp;#27;[32madmin launch the browser&amp;#27;[0m                                      &amp;#27;[90m# Stepdefinition.admin_launch_the_browser()&amp;#27;[0m
    &amp;#27;[32mWhen &amp;#27;[0m&amp;#27;[32madmin opens url &quot;&amp;#27;[0m&amp;#27;[32m&amp;#27;[1mhttps://carrental.neohire.io/admin/&amp;#27;[0m&amp;#27;[32m&quot;&amp;#27;[0m          &amp;#27;[90m# Stepdefinition.admin_opens_url(String)&amp;#27;[0m
    &amp;#27;[32mThen &amp;#27;[0m&amp;#27;[32madmin should able to see the admin signin page&amp;#27;[0m                 &amp;#27;[90m# Stepdefinition.admin_should_able_to_see_the_admin_signin_page()&amp;#27;[0m
    &amp;#27;[32mWhen &amp;#27;[0m&amp;#27;[32madmin enters username as &quot;&amp;#27;[0m&amp;#27;[32m&amp;#27;[1madmin&amp;#27;[0m&amp;#27;[32m&quot;  and password as &quot;&amp;#27;[0m&amp;#27;[32m&amp;#27;[1mTest@12345&amp;#27;[0m&amp;#27;[32m&quot;&amp;#27;[0m &amp;#27;[90m# Stepdefinition.admin_enters_username_as_and_password_as(String,String)&amp;#27;[0m
    &amp;#27;[32mAnd &amp;#27;[0m&amp;#27;[32mclick on login&amp;#27;[0m                                                  &amp;#27;[90m# Stepdefinition.click_on_login()&amp;#27;[0m
    &amp;#27;[32mThen &amp;#27;[0m&amp;#27;[32madmin should able to view car rental portal | admin panel&amp;#27;[0m      &amp;#27;[90m# Stepdefinition.admin_should_able_to_view_car_rental_portal_admin_panel()&amp;#27;[0m
</system-out>
  </testcase>
  <testcase classname="Scenario: Verify Logout Functionality in Dashboard" name="And clicks on Logout" time="0.001">
    <skipped/>
  </testcase>
  <testcase classname="Scenario: Verify Logout Functionality in Dashboard" name="Then admin navigates to Admin|SignIn page" time="0.001">
    <skipped/>
  </testcase>
  <testcase classname="Scenario: Verify Logout Functionality in Dashboard" name="Scenario: Verify Logout Functionality in Dashboard" time="0.116">
    <skipped/>
  </testcase>
  <testcase classname="Scenario: Verify Logout Functionality in Dashboard" name="Scenario: Verify Logout Functionality in Dashboard" time="0.116"/>
</testsuite>